# JRE version: OpenJDK Runtime Environment (14.0.2+12) (build 14.0.2+12-46)
# Java VM: OpenJDK 64-Bit Server VM (14.0.2+12-46, mixed mode, tiered, compressed oops, g1 gc, windows-amd64)
Heap:
 garbage-first heap   total 76800K, used 22387K [0x00000000c1c00000, 0x0000000100000000)
  region size 1024K, 4 young (4096K), 4 survivors (4096K)
 Metaspace       used 45773K, capacity 46996K, committed 47280K, reserved 1091584K
  class space    used 5631K, capacity 6084K, committed 6144K, reserved 1048576K
GC Heap History (20 events):
Event: 2.377 GC heap after
{Heap after GC invocations=8 (full 0):
 garbage-first heap   total 47104K, used 11298K [0x00000000c1c00000, 0x0000000100000000)
  region size 1024K, 3 young (3072K), 3 survivors (3072K)
 Metaspace       used 30365K, capacity 31125K, committed 31280K, reserved 1077248K
  class space    used 3697K, capacity 3948K, committed 3968K, reserved 1048576K
}
Event: 2.726 GC heap before
{Heap before GC invocations=8 (full 0):
 garbage-first heap   total 47104K, used 34850K [0x00000000c1c00000, 0x0000000100000000)
  region size 1024K, 26 young (26624K), 3 survivors (3072K)
 Metaspace       used 32835K, capacity 33605K, committed 33712K, reserved 1079296K
  class space    used 4046K, capacity 4323K, committed 4352K, reserved 1048576K
}
Event: 2.734 GC heap after
{Heap after GC invocations=9 (full 0):
 garbage-first heap   total 47104K, used 12336K [0x00000000c1c00000, 0x0000000100000000)
  region size 1024K, 3 young (3072K), 3 survivors (3072K)
 Metaspace       used 32835K, capacity 33605K, committed 33712K, reserved 1079296K
  class space    used 4046K, capacity 4323K, committed 4352K, reserved 1048576K
}
Event: 2.950 GC heap before
{Heap before GC invocations=9 (full 0):
 garbage-first heap   total 47104K, used 26672K [0x00000000c1c00000, 0x0000000100000000)
  region size 1024K, 18 young (18432K), 3 survivors (3072K)
 Metaspace       used 35044K, capacity 35824K, committed 35920K, reserved 1081344K
  class space    used 4311K, capacity 4608K, committed 4608K, reserved 1048576K
}
Event: 2.960 GC heap after
{Heap after GC invocations=10 (full 0):
 garbage-first heap   total 57344K, used 13588K [0x00000000c1c00000, 0x0000000100000000)
  region size 1024K, 3 young (3072K), 3 survivors (3072K)
 Metaspace       used 35044K, capacity 35824K, committed 35920K, reserved 1081344K
  class space    used 4311K, capacity 4608K, committed 4608K, reserved 1048576K
}
Event: 3.317 GC heap before
{Heap before GC invocations=11 (full 0):
 garbage-first heap   total 51200K, used 41236K [0x00000000c1c00000, 0x0000000100000000)
  region size 1024K, 30 young (30720K), 3 survivors (3072K)
 Metaspace       used 37491K, capacity 38517K, committed 38704K, reserved 1083392K
  class space    used 4589K, capacity 4954K, committed 4992K, reserved 1048576K
}
Event: 3.326 GC heap after
{Heap after GC invocations=12 (full 0):
 garbage-first heap   total 51200K, used 14908K [0x00000000c1c00000, 0x0000000100000000)
  region size 1024K, 3 young (3072K), 3 survivors (3072K)
 Metaspace       used 37491K, capacity 38517K, committed 38704K, reserved 1083392K
  class space    used 4589K, capacity 4954K, committed 4992K, reserved 1048576K
}
Event: 3.670 GC heap before
{Heap before GC invocations=12 (full 0):
 garbage-first heap   total 51200K, used 39484K [0x00000000c1c00000, 0x0000000100000000)
  region size 1024K, 27 young (27648K), 3 survivors (3072K)
 Metaspace       used 39746K, capacity 40732K, committed 40880K, reserved 1085440K
  class space    used 4859K, capacity 5266K, committed 5376K, reserved 1048576K
}
Event: 3.678 GC heap after
{Heap after GC invocations=13 (full 0):
 garbage-first heap   total 51200K, used 16540K [0x00000000c1c00000, 0x0000000100000000)
  region size 1024K, 3 young (3072K), 3 survivors (3072K)
 Metaspace       used 39746K, capacity 40732K, committed 40880K, reserved 1085440K
  class space    used 4859K, capacity 5266K, committed 5376K, reserved 1048576K
}
Event: 4.001 GC heap before
{Heap before GC invocations=13 (full 0):
 garbage-first heap   total 51200K, used 39068K [0x00000000c1c00000, 0x0000000100000000)
  region size 1024K, 26 young (26624K), 3 survivors (3072K)
 Metaspace       used 42449K, capacity 43498K, committed 43696K, reserved 1087488K
  class space    used 5190K, capacity 5591K, committed 5632K, reserved 1048576K
}
Event: 4.008 GC heap after
{Heap after GC invocations=14 (full 0):
 garbage-first heap   total 51200K, used 17653K [0x00000000c1c00000, 0x0000000100000000)
  region size 1024K, 3 young (3072K), 3 survivors (3072K)
 Metaspace       used 42449K, capacity 43498K, committed 43696K, reserved 1087488K
  class space    used 5190K, capacity 5591K, committed 5632K, reserved 1048576K
}
Event: 4.077 GC heap before
{Heap before GC invocations=14 (full 0):
 garbage-first heap   total 51200K, used 40181K [0x00000000c1c00000, 0x0000000100000000)
  region size 1024K, 26 young (26624K), 3 survivors (3072K)
 Metaspace       used 42478K, capacity 43562K, committed 43696K, reserved 1087488K
  class space    used 5190K, capacity 5591K, committed 5632K, reserved 1048576K
}
Event: 4.081 GC heap after
{Heap after GC invocations=15 (full 0):
 garbage-first heap   total 63488K, used 17833K [0x00000000c1c00000, 0x0000000100000000)
  region size 1024K, 2 young (2048K), 2 survivors (2048K)
 Metaspace       used 42478K, capacity 43562K, committed 43696K, reserved 1087488K
  class space    used 5190K, capacity 5591K, committed 5632K, reserved 1048576K
}
Event: 4.157 GC heap before
{Heap before GC invocations=15 (full 0):
 garbage-first heap   total 63488K, used 49577K [0x00000000c1c00000, 0x0000000100000000)
  region size 1024K, 33 young (33792K), 2 survivors (2048K)
 Metaspace       used 42487K, capacity 43562K, committed 43696K, reserved 1087488K
  class space    used 5191K, capacity 5591K, committed 5632K, reserved 1048576K
}
Event: 4.160 GC heap after
{Heap after GC invocations=16 (full 0):
 garbage-first heap   total 63488K, used 18439K [0x00000000c1c00000, 0x0000000100000000)
  region size 1024K, 2 young (2048K), 2 survivors (2048K)
 Metaspace       used 42487K, capacity 43562K, committed 43696K, reserved 1087488K
  class space    used 5191K, capacity 5591K, committed 5632K, reserved 1048576K
}
Event: 4.226 GC heap before
{Heap before GC invocations=16 (full 0):
 garbage-first heap   total 63488K, used 51207K [0x00000000c1c00000, 0x0000000100000000)
  region size 1024K, 34 young (34816K), 2 survivors (2048K)
 Metaspace       used 42495K, capacity 43568K, committed 43696K, reserved 1087488K
  class space    used 5192K, capacity 5592K, committed 5632K, reserved 1048576K
}
Event: 4.230 GC heap after
{Heap after GC invocations=17 (full 0):
 garbage-first heap   total 63488K, used 19031K [0x00000000c1c00000, 0x0000000100000000)
  region size 1024K, 3 young (3072K), 3 survivors (3072K)
 Metaspace       used 42495K, capacity 43568K, committed 43696K, reserved 1087488K
  class space    used 5192K, capacity 5592K, committed 5632K, reserved 1048576K
}
Event: 4.559 GC heap before
{Heap before GC invocations=17 (full 0):
 garbage-first heap   total 63488K, used 50775K [0x00000000c1c00000, 0x0000000100000000)
  region size 1024K, 34 young (34816K), 3 survivors (3072K)
 Metaspace       used 44010K, capacity 45087K, committed 45232K, reserved 1089536K
  class space    used 5395K, capacity 5797K, committed 5888K, reserved 1048576K
}
Event: 4.568 GC heap after
{Heap after GC invocations=18 (full 0):
 garbage-first heap   total 63488K, used 21001K [0x00000000c1c00000, 0x0000000100000000)
  region size 1024K, 5 young (5120K), 5 survivors (5120K)
 Metaspace       used 44010K, capacity 45087K, committed 45232K, reserved 1089536K
  class space    used 5395K, capacity 5797K, committed 5888K, reserved 1048576K
}
Event: 4.971 GC heap before
{Heap before GC invocations=18 (full 0):
 garbage-first heap   total 63488K, used 49673K [0x00000000c1c00000, 0x0000000100000000)
  region size 1024K, 33 young (33792K), 5 survivors (5120K)
 Metaspace       used 45773K, capacity 46996K, committed 47280K, reserved 1091584K
  class space    used 5631K, capacity 6084K, committed 6144K, reserved 1048576K
}

